app/android/app/build/intermediates/manifest_merge_blame_file/debug/manifest-merger-blame-debug-report.txt
1<?xml version="1.0" encoding="utf-8"?>
2<manifest xmlns:android="http://schemas.android.com/apk/res/android"
3    package="com.rainbowcatalogappnew"
4    android:versionCode="1"
5    android:versionName="1.0" >
6
7    <uses-sdk
8        android:minSdkVersion="21"
9        android:targetSdkVersion="30" />
10
11    <uses-permission android:name="android.permission.SYSTEM_ALERT_WINDOW" />
11-->src/debug/AndroidManifest.xml:5:5-77
11-->src/debug/AndroidManifest.xml:5:22-75
12    <uses-permission android:name="android.permission.INTERNET" /> <!-- Added permissions -->
12-->src/main/AndroidManifest.xml:4:5-67
12-->src/main/AndroidManifest.xml:4:22-64
13    <uses-permission android:name="android.permission.CAMERA" />
13-->src/main/AndroidManifest.xml:6:5-65
13-->src/main/AndroidManifest.xml:6:22-62
14    <uses-permission android:name="android.permission.READ_EXTERNAL_STORAGE" />
14-->src/main/AndroidManifest.xml:7:5-80
14-->src/main/AndroidManifest.xml:7:22-77
15    <uses-permission android:name="android.permission.WRITE_EXTERNAL_STORAGE" />
15-->src/main/AndroidManifest.xml:8:5-81
15-->src/main/AndroidManifest.xml:8:22-78
16    <uses-permission android:name="android.permission.ACCESS_WIFI_STATE" />
16-->[com.facebook.flipper:flipper:0.99.0] AndroidManifest.xml:16:5-76
16-->[com.facebook.flipper:flipper:0.99.0] AndroidManifest.xml:16:22-73
17
18    <queries>
18-->[:expo-file-system] AndroidManifest.xml:14:5-20:15
19
20        <!-- Query open documents -->
21        <intent>
21-->[:expo-file-system] AndroidManifest.xml:17:9-19:18
22            <action android:name="android.intent.action.OPEN_DOCUMENT_TREE" />
22-->[:expo-file-system] AndroidManifest.xml:18:13-79
22-->[:expo-file-system] AndroidManifest.xml:18:21-76
23        </intent>
24    </queries>
25
26    <uses-permission android:name="android.permission.ACCESS_COARSE_LOCATION" />
26-->[:expo-location] AndroidManifest.xml:9:5-81
26-->[:expo-location] AndroidManifest.xml:9:22-78
27    <uses-permission android:name="android.permission.ACCESS_FINE_LOCATION" />
27-->[:expo-location] AndroidManifest.xml:10:5-79
27-->[:expo-location] AndroidManifest.xml:10:22-76
28    <uses-permission android:name="android.permission.FOREGROUND_SERVICE" />
28-->[:expo-location] AndroidManifest.xml:11:5-77
28-->[:expo-location] AndroidManifest.xml:11:22-74
29
30    <uses-feature
30-->[com.google.android:cameraview:1.0.0] AndroidManifest.xml:25:5-27:36
31        android:name="android.hardware.camera"
31-->[com.google.android:cameraview:1.0.0] AndroidManifest.xml:26:9-47
32        android:required="false" />
32-->[com.google.android:cameraview:1.0.0] AndroidManifest.xml:27:9-33
33    <uses-feature
33-->[com.google.android:cameraview:1.0.0] AndroidManifest.xml:28:5-30:36
34        android:name="android.hardware.camera.autofocus"
34-->[com.google.android:cameraview:1.0.0] AndroidManifest.xml:29:9-57
35        android:required="false" />
35-->[com.google.android:cameraview:1.0.0] AndroidManifest.xml:30:9-33
36
37    <uses-permission android:name="android.permission.ACCESS_NETWORK_STATE" />
37-->[com.google.firebase:firebase-iid:19.0.0] AndroidManifest.xml:22:5-79
37-->[com.google.firebase:firebase-iid:19.0.0] AndroidManifest.xml:22:22-76
38    <uses-permission android:name="android.permission.WAKE_LOCK" /> <!-- Required by older versions of Google Play services to create IID tokens -->
38-->[com.google.firebase:firebase-iid:19.0.0] AndroidManifest.xml:24:5-68
38-->[com.google.firebase:firebase-iid:19.0.0] AndroidManifest.xml:24:22-65
39    <uses-permission android:name="com.google.android.c2dm.permission.RECEIVE" />
39-->[com.google.firebase:firebase-iid:19.0.0] AndroidManifest.xml:26:5-82
39-->[com.google.firebase:firebase-iid:19.0.0] AndroidManifest.xml:26:22-79
40    <uses-permission android:name="com.google.android.finsky.permission.BIND_GET_INSTALL_REFERRER_SERVICE" />
40-->[com.android.installreferrer:installreferrer:1.0] AndroidManifest.xml:9:5-110
40-->[com.android.installreferrer:installreferrer:1.0] AndroidManifest.xml:9:22-107
41    <uses-permission android:name="com.google.android.providers.gsf.permission.READ_GSERVICES" />
41-->[io.nlopez.smartlocation:library:3.2.11] AndroidManifest.xml:15:5-98
41-->[io.nlopez.smartlocation:library:3.2.11] AndroidManifest.xml:15:22-95
42    <uses-permission android:name="com.google.android.gms.permission.ACTIVITY_RECOGNITION" />
42-->[io.nlopez.smartlocation:library:3.2.11] AndroidManifest.xml:16:5-94
42-->[io.nlopez.smartlocation:library:3.2.11] AndroidManifest.xml:16:22-91
43
44    <application
44-->src/main/AndroidManifest.xml:10:5-28:19
45        android:name="com.rainbowcatalogappnew.MainApplication"
45-->src/main/AndroidManifest.xml:11:7-38
46        android:allowBackup="false"
46-->src/main/AndroidManifest.xml:15:7-34
47        android:appComponentFactory="androidx.core.app.CoreComponentFactory"
47-->[androidx.core:core:1.6.0] AndroidManifest.xml:24:18-86
48        android:debuggable="true"
49        android:icon="@mipmap/ic_launcher"
49-->src/main/AndroidManifest.xml:13:7-41
50        android:label="@string/app_name"
50-->src/main/AndroidManifest.xml:12:7-39
51        android:roundIcon="@mipmap/ic_launcher_round"
51-->src/main/AndroidManifest.xml:14:7-52
52        android:theme="@style/AppTheme"
52-->src/main/AndroidManifest.xml:16:7-38
53        android:usesCleartextTraffic="true" >
53-->src/debug/AndroidManifest.xml:8:9-44
54        <activity android:name="com.facebook.react.devsupport.DevSettingsActivity" />
54-->src/debug/AndroidManifest.xml:11:9-86
54-->src/debug/AndroidManifest.xml:11:19-83
55        <activity
55-->src/main/AndroidManifest.xml:17:7-27:18
56            android:name="com.rainbowcatalogappnew.MainActivity"
56-->src/main/AndroidManifest.xml:18:9-37
57            android:configChanges="keyboard|keyboardHidden|orientation|screenSize|uiMode"
57-->src/main/AndroidManifest.xml:20:9-86
58            android:label="@string/app_name"
58-->src/main/AndroidManifest.xml:19:9-41
59            android:launchMode="singleTask"
59-->src/main/AndroidManifest.xml:21:9-40
60            android:windowSoftInputMode="adjustResize" >
60-->src/main/AndroidManifest.xml:22:9-51
61            <intent-filter>
61-->src/main/AndroidManifest.xml:23:9-26:25
62                <action android:name="android.intent.action.MAIN" />
62-->src/main/AndroidManifest.xml:24:13-65
62-->src/main/AndroidManifest.xml:24:21-62
63
64                <category android:name="android.intent.category.LAUNCHER" />
64-->src/main/AndroidManifest.xml:25:13-73
64-->src/main/AndroidManifest.xml:25:23-70
65            </intent-filter>
66        </activity>
67
68        <meta-data
68-->[:expo-face-detector] AndroidManifest.xml:10:9-12:36
69            android:name="com.google.firebase.ml.vision.DEPENDENCIES"
69-->[:expo-face-detector] AndroidManifest.xml:11:13-70
70            android:value="face" />
70-->[:expo-face-detector] AndroidManifest.xml:12:13-33
71
72        <provider
72-->[:expo-file-system] AndroidManifest.xml:23:9-32:20
73            android:name="expo.modules.filesystem.FileSystemFileProvider"
73-->[:expo-file-system] AndroidManifest.xml:24:13-74
74            android:authorities="com.rainbowcatalogappnew.FileSystemFileProvider"
74-->[:expo-file-system] AndroidManifest.xml:25:13-74
75            android:exported="false"
75-->[:expo-file-system] AndroidManifest.xml:26:13-37
76            android:grantUriPermissions="true" >
76-->[:expo-file-system] AndroidManifest.xml:27:13-47
77            <meta-data
77-->[:expo-file-system] AndroidManifest.xml:29:13-31:70
78                android:name="android.support.FILE_PROVIDER_PATHS"
78-->[:expo-file-system] AndroidManifest.xml:30:17-67
79                android:resource="@xml/file_system_provider_paths" />
79-->[:expo-file-system] AndroidManifest.xml:31:17-67
80        </provider>
81
82        <service
82-->[:expo-location] AndroidManifest.xml:14:9-17:56
83            android:name="expo.modules.location.services.LocationTaskService"
83-->[:expo-location] AndroidManifest.xml:15:13-78
84            android:exported="false"
84-->[:expo-location] AndroidManifest.xml:16:13-37
85            android:foregroundServiceType="location" />
85-->[:expo-location] AndroidManifest.xml:17:13-53
86
87        <meta-data
87-->[:expo-modules-core] AndroidManifest.xml:10:9-12:89
88            android:name="org.unimodules.core.AppLoader#react-native-headless"
88-->[:expo-modules-core] AndroidManifest.xml:11:13-79
89            android:value="expo.modules.adapters.react.apploader.RNHeadlessAppLoader" />
89-->[:expo-modules-core] AndroidManifest.xml:12:13-86
90
91        <service
91-->[com.google.firebase:firebase-ml-vision:24.0.1] AndroidManifest.xml:9:9-15:19
92            android:name="com.google.firebase.components.ComponentDiscoveryService"
92-->[com.google.firebase:firebase-ml-vision:24.0.1] AndroidManifest.xml:10:13-84
93            android:exported="false" >
93-->[com.google.firebase:firebase-ml-vision:24.0.1] AndroidManifest.xml:11:13-37
94            <meta-data
94-->[com.google.firebase:firebase-ml-vision:24.0.1] AndroidManifest.xml:12:13-14:85
95                android:name="com.google.firebase.components:com.google.firebase.ml.vision.VisionRegistrar"
95-->[com.google.firebase:firebase-ml-vision:24.0.1] AndroidManifest.xml:13:17-108
96                android:value="com.google.firebase.components.ComponentRegistrar" />
96-->[com.google.firebase:firebase-ml-vision:24.0.1] AndroidManifest.xml:14:17-82
97            <meta-data
97-->[com.google.firebase:firebase-ml-common:22.0.1] AndroidManifest.xml:11:13-13:85
98                android:name="com.google.firebase.components:com.google.firebase.ml.common.CommonComponentRegistrar"
98-->[com.google.firebase:firebase-ml-common:22.0.1] AndroidManifest.xml:12:17-117
99                android:value="com.google.firebase.components.ComponentRegistrar" />
99-->[com.google.firebase:firebase-ml-common:22.0.1] AndroidManifest.xml:13:17-82
100            <meta-data
100-->[com.google.firebase:firebase-iid:19.0.0] AndroidManifest.xml:32:13-34:85
101                android:name="com.google.firebase.components:com.google.firebase.iid.Registrar"
101-->[com.google.firebase:firebase-iid:19.0.0] AndroidManifest.xml:33:17-96
102                android:value="com.google.firebase.components.ComponentRegistrar" />
102-->[com.google.firebase:firebase-iid:19.0.0] AndroidManifest.xml:34:17-82
103        </service>
104
105        <receiver
105-->[com.google.firebase:firebase-iid:19.0.0] AndroidManifest.xml:37:9-44:20
106            android:name="com.google.firebase.iid.FirebaseInstanceIdReceiver"
106-->[com.google.firebase:firebase-iid:19.0.0] AndroidManifest.xml:38:13-78
107            android:exported="true"
107-->[com.google.firebase:firebase-iid:19.0.0] AndroidManifest.xml:39:13-36
108            android:permission="com.google.android.c2dm.permission.SEND" >
108-->[com.google.firebase:firebase-iid:19.0.0] AndroidManifest.xml:40:13-73
109            <intent-filter>
109-->[com.google.firebase:firebase-iid:19.0.0] AndroidManifest.xml:41:13-43:29
110                <action android:name="com.google.android.c2dm.intent.RECEIVE" />
110-->[com.google.firebase:firebase-iid:19.0.0] AndroidManifest.xml:42:17-81
110-->[com.google.firebase:firebase-iid:19.0.0] AndroidManifest.xml:42:25-78
111            </intent-filter>
112        </receiver>
113
114        <activity
114-->[com.google.android.gms:play-services-base:17.0.0] AndroidManifest.xml:23:9-26:75
115            android:name="com.google.android.gms.common.api.GoogleApiActivity"
115-->[com.google.android.gms:play-services-base:17.0.0] AndroidManifest.xml:24:13-79
116            android:exported="false"
116-->[com.google.android.gms:play-services-base:17.0.0] AndroidManifest.xml:25:13-37
117            android:theme="@android:style/Theme.Translucent.NoTitleBar" />
117-->[com.google.android.gms:play-services-base:17.0.0] AndroidManifest.xml:26:13-72
118
119        <provider
119-->[com.google.firebase:firebase-common:19.0.0] AndroidManifest.xml:12:9-16:39
120            android:name="com.google.firebase.provider.FirebaseInitProvider"
120-->[com.google.firebase:firebase-common:19.0.0] AndroidManifest.xml:13:13-77
121            android:authorities="com.rainbowcatalogappnew.firebaseinitprovider"
121-->[com.google.firebase:firebase-common:19.0.0] AndroidManifest.xml:14:13-72
122            android:exported="false"
122-->[com.google.firebase:firebase-common:19.0.0] AndroidManifest.xml:15:13-37
123            android:initOrder="100" />
123-->[com.google.firebase:firebase-common:19.0.0] AndroidManifest.xml:16:13-36
124
125        <meta-data
125-->[com.google.android.gms:play-services-basement:17.0.0] AndroidManifest.xml:23:9-25:69
126            android:name="com.google.android.gms.version"
126-->[com.google.android.gms:play-services-basement:17.0.0] AndroidManifest.xml:24:13-58
127            android:value="@integer/google_play_services_version" />
127-->[com.google.android.gms:play-services-basement:17.0.0] AndroidManifest.xml:25:13-66
128
129        <service
129-->[io.nlopez.smartlocation:library:3.2.11] AndroidManifest.xml:19:9-21:40
130            android:name="io.nlopez.smartlocation.activity.providers.ActivityGooglePlayServicesProvider$ActivityRecognitionService"
130-->[io.nlopez.smartlocation:library:3.2.11] AndroidManifest.xml:20:13-132
131            android:exported="false" />
131-->[io.nlopez.smartlocation:library:3.2.11] AndroidManifest.xml:21:13-37
132        <service
132-->[io.nlopez.smartlocation:library:3.2.11] AndroidManifest.xml:22:9-24:40
133            android:name="io.nlopez.smartlocation.geofencing.providers.GeofencingGooglePlayServicesProvider$GeofencingService"
133-->[io.nlopez.smartlocation:library:3.2.11] AndroidManifest.xml:23:13-127
134            android:exported="false" />
134-->[io.nlopez.smartlocation:library:3.2.11] AndroidManifest.xml:24:13-37
135        <service
135-->[io.nlopez.smartlocation:library:3.2.11] AndroidManifest.xml:25:9-27:40
136            android:name="io.nlopez.smartlocation.geocoding.providers.AndroidGeocodingProvider$AndroidGeocodingService"
136-->[io.nlopez.smartlocation:library:3.2.11] AndroidManifest.xml:26:13-120
137            android:exported="false" />
137-->[io.nlopez.smartlocation:library:3.2.11] AndroidManifest.xml:27:13-37
138    </application>
139
140</manifest>